app/build/intermediates/manifest_merge_blame_file/debug/processDebugMainManifest/manifest-merger-blame-debug-report.txt
1<?xml version="1.0" encoding="utf-8"?>
2<manifest xmlns:android="http://schemas.android.com/apk/res/android"
3    package="com.panchadika"
4    android:versionCode="2"
5    android:versionName="1.0.1-alpha" >
6
7    <uses-sdk
8        android:minSdkVersion="26"
9        android:targetSdkVersion="34" />
10
11    <!-- SMS Permissions -->
12    <uses-permission android:name="android.permission.SEND_SMS" />
12-->src/main/AndroidManifest.xml:6:5-67
12-->src/main/AndroidManifest.xml:6:22-64
13    <uses-permission android:name="android.permission.RECEIVE_SMS" />
13-->src/main/AndroidManifest.xml:7:5-70
13-->src/main/AndroidManifest.xml:7:22-67
14    <uses-permission android:name="android.permission.READ_SMS" />
14-->src/main/AndroidManifest.xml:8:5-67
14-->src/main/AndroidManifest.xml:8:22-64
15
16    <!-- Phone State & Contacts -->
17    <uses-permission android:name="android.permission.READ_PHONE_STATE" />
17-->src/main/AndroidManifest.xml:11:5-75
17-->src/main/AndroidManifest.xml:11:22-72
18    <uses-permission android:name="android.permission.READ_PHONE_NUMBERS" />
18-->src/main/AndroidManifest.xml:12:5-77
18-->src/main/AndroidManifest.xml:12:22-74
19    <uses-permission android:name="android.permission.READ_CONTACTS" />
19-->src/main/AndroidManifest.xml:13:5-72
19-->src/main/AndroidManifest.xml:13:22-69
20
21    <!-- Notifications (Android 13+) -->
22    <uses-permission android:name="android.permission.POST_NOTIFICATIONS" />
22-->src/main/AndroidManifest.xml:16:5-77
22-->src/main/AndroidManifest.xml:16:22-74
23
24    <!-- Default SMS App requirements -->
25    <uses-permission android:name="android.permission.RECEIVE_MMS" />
25-->src/main/AndroidManifest.xml:19:5-70
25-->src/main/AndroidManifest.xml:19:22-67
26    <uses-permission android:name="android.permission.WRITE_SMS" />
26-->src/main/AndroidManifest.xml:20:5-68
26-->src/main/AndroidManifest.xml:20:22-65
27
28    <!-- Default SMS app declaration -->
29    <uses-permission android:name="android.permission.READ_SMS" />
29-->src/main/AndroidManifest.xml:8:5-67
29-->src/main/AndroidManifest.xml:8:22-64
30
31    <!-- Query for default SMS app requirements -->
32    <queries>
32-->src/main/AndroidManifest.xml:26:5-39:15
33        <intent>
33-->src/main/AndroidManifest.xml:27:9-30:18
34            <action android:name="android.intent.action.SENDTO" />
34-->src/main/AndroidManifest.xml:28:13-67
34-->src/main/AndroidManifest.xml:28:21-64
35
36            <data android:scheme="sms" />
36-->src/main/AndroidManifest.xml:29:13-42
36-->src/main/AndroidManifest.xml:29:19-39
37        </intent>
38        <intent>
38-->src/main/AndroidManifest.xml:31:9-34:18
39            <action android:name="android.intent.action.SENDTO" />
39-->src/main/AndroidManifest.xml:28:13-67
39-->src/main/AndroidManifest.xml:28:21-64
40
41            <data android:scheme="smsto" />
41-->src/main/AndroidManifest.xml:29:13-42
41-->src/main/AndroidManifest.xml:29:19-39
42        </intent>
43        <intent>
43-->src/main/AndroidManifest.xml:35:9-38:18
44            <action android:name="android.intent.action.VIEW" />
44-->src/main/AndroidManifest.xml:36:13-65
44-->src/main/AndroidManifest.xml:36:21-62
45
46            <data android:mimeType="vnd.android.cursor.dir/sms" />
46-->src/main/AndroidManifest.xml:29:13-42
46-->src/main/AndroidManifest.xml:37:19-64
47        </intent>
48    </queries>
49
50    <permission
50-->[androidx.core:core:1.13.1] AndroidManifest.xml:22:5-24:47
51        android:name="com.panchadika.DYNAMIC_RECEIVER_NOT_EXPORTED_PERMISSION"
51-->[androidx.core:core:1.13.1] AndroidManifest.xml:23:9-81
52        android:protectionLevel="signature" />
52-->[androidx.core:core:1.13.1] AndroidManifest.xml:24:9-44
53
54    <uses-permission android:name="com.panchadika.DYNAMIC_RECEIVER_NOT_EXPORTED_PERMISSION" />
54-->[androidx.core:core:1.13.1] AndroidManifest.xml:26:5-97
54-->[androidx.core:core:1.13.1] AndroidManifest.xml:26:22-94
55
56    <application
56-->src/main/AndroidManifest.xml:41:5-125:19
57        android:name="com.panchadika.PanchadikaApp"
57-->src/main/AndroidManifest.xml:42:9-38
58        android:allowBackup="false"
58-->src/main/AndroidManifest.xml:43:9-36
59        android:appComponentFactory="androidx.core.app.CoreComponentFactory"
59-->[androidx.core:core:1.13.1] AndroidManifest.xml:28:18-86
60        android:dataExtractionRules="@xml/data_extraction_rules"
60-->src/main/AndroidManifest.xml:44:9-65
61        android:debuggable="true"
62        android:extractNativeLibs="false"
63        android:fullBackupContent="false"
63-->src/main/AndroidManifest.xml:45:9-42
64        android:icon="@drawable/ic_launcher_foreground"
64-->src/main/AndroidManifest.xml:46:9-56
65        android:label="@string/app_name"
65-->src/main/AndroidManifest.xml:47:9-41
66        android:roundIcon="@drawable/ic_launcher_foreground"
66-->src/main/AndroidManifest.xml:48:9-61
67        android:supportsRtl="true"
67-->src/main/AndroidManifest.xml:49:9-35
68        android:theme="@style/Theme.Panchadika" >
68-->src/main/AndroidManifest.xml:50:9-48
69
70        <!-- Main Activity -->
71        <activity
71-->src/main/AndroidManifest.xml:54:9-86:20
72            android:name="com.panchadika.presentation.MainActivity"
72-->src/main/AndroidManifest.xml:55:13-54
73            android:exported="true"
73-->src/main/AndroidManifest.xml:56:13-36
74            android:launchMode="singleTop"
74-->src/main/AndroidManifest.xml:57:13-43
75            android:theme="@style/Theme.Panchadika" >
75-->src/main/AndroidManifest.xml:58:13-52
76
77            <!-- Launcher -->
78            <intent-filter>
78-->src/main/AndroidManifest.xml:60:13-63:29
79                <action android:name="android.intent.action.MAIN" />
79-->src/main/AndroidManifest.xml:61:17-69
79-->src/main/AndroidManifest.xml:61:25-66
80
81                <category android:name="android.intent.category.LAUNCHER" />
81-->src/main/AndroidManifest.xml:62:17-77
81-->src/main/AndroidManifest.xml:62:27-74
82            </intent-filter>
83
84            <!-- Default SMS App - SEND intents -->
85            <intent-filter
85-->src/main/AndroidManifest.xml:66:13-75:29
86                android:exported="true"
86-->src/main/AndroidManifest.xml:66:28-51
87                android:priority="100" >
87-->src/main/AndroidManifest.xml:66:52-74
88                <action android:name="android.intent.action.SEND" />
88-->src/main/AndroidManifest.xml:67:17-69
88-->src/main/AndroidManifest.xml:67:25-66
89                <action android:name="android.intent.action.SENDTO" />
89-->src/main/AndroidManifest.xml:28:13-67
89-->src/main/AndroidManifest.xml:28:21-64
90
91                <category android:name="android.intent.category.DEFAULT" />
91-->src/main/AndroidManifest.xml:69:17-76
91-->src/main/AndroidManifest.xml:69:27-73
92                <category android:name="android.intent.category.BROWSABLE" />
92-->src/main/AndroidManifest.xml:70:17-78
92-->src/main/AndroidManifest.xml:70:27-75
93
94                <data android:scheme="sms" />
94-->src/main/AndroidManifest.xml:29:13-42
94-->src/main/AndroidManifest.xml:29:19-39
95                <data android:scheme="smsto" />
95-->src/main/AndroidManifest.xml:29:13-42
95-->src/main/AndroidManifest.xml:29:19-39
96                <data android:scheme="mms" />
96-->src/main/AndroidManifest.xml:29:13-42
96-->src/main/AndroidManifest.xml:29:19-39
97                <data android:scheme="mmsto" />
97-->src/main/AndroidManifest.xml:29:13-42
97-->src/main/AndroidManifest.xml:29:19-39
98            </intent-filter>
99
100            <!-- Direct launch SMS -->
101            <intent-filter
101-->src/main/AndroidManifest.xml:78:13-85:29
102                android:exported="true"
102-->src/main/AndroidManifest.xml:78:28-51
103                android:priority="100" >
103-->src/main/AndroidManifest.xml:78:52-74
104                <action android:name="android.intent.action.MAIN" />
104-->src/main/AndroidManifest.xml:61:17-69
104-->src/main/AndroidManifest.xml:61:25-66
105                <action android:name="android.intent.action.VIEW" />
105-->src/main/AndroidManifest.xml:36:13-65
105-->src/main/AndroidManifest.xml:36:21-62
106                <action android:name="android.intent.action.CONVERSATION" />
106-->src/main/AndroidManifest.xml:81:17-77
106-->src/main/AndroidManifest.xml:81:25-74
107
108                <category android:name="android.intent.category.DEFAULT" />
108-->src/main/AndroidManifest.xml:69:17-76
108-->src/main/AndroidManifest.xml:69:27-73
109                <category android:name="android.intent.category.LAUNCHER" />
109-->src/main/AndroidManifest.xml:62:17-77
109-->src/main/AndroidManifest.xml:62:27-74
110
111                <data android:scheme="sms" />
111-->src/main/AndroidManifest.xml:29:13-42
111-->src/main/AndroidManifest.xml:29:19-39
112            </intent-filter>
113        </activity>
114
115        <!-- Default SMS App meta-data -->
116        <meta-data
116-->src/main/AndroidManifest.xml:89:9-91:36
117            android:name="android.provider.Telephony.SMS_RECEIVER"
117-->src/main/AndroidManifest.xml:90:13-67
118            android:value="true" />
118-->src/main/AndroidManifest.xml:91:13-33
119
120        <!-- SMS Receiver for incoming messages -->
121        <receiver
121-->src/main/AndroidManifest.xml:94:9-101:20
122            android:name="com.panchadika.data.source.SmsReceiver"
122-->src/main/AndroidManifest.xml:95:13-52
123            android:exported="true"
123-->src/main/AndroidManifest.xml:96:13-36
124            android:permission="android.permission.BROADCAST_SMS" >
124-->src/main/AndroidManifest.xml:97:13-66
125            <intent-filter android:priority="999" >
125-->src/main/AndroidManifest.xml:98:13-100:29
125-->src/main/AndroidManifest.xml:98:28-50
126                <action android:name="android.provider.Telephony.SMS_RECEIVED" />
126-->src/main/AndroidManifest.xml:99:17-82
126-->src/main/AndroidManifest.xml:99:25-79
127            </intent-filter>
128        </receiver>
129
130        <!-- MMS Receiver -->
131        <receiver
131-->src/main/AndroidManifest.xml:104:9-112:20
132            android:name="com.panchadika.data.source.MmsReceiver"
132-->src/main/AndroidManifest.xml:105:13-52
133            android:exported="true"
133-->src/main/AndroidManifest.xml:106:13-36
134            android:permission="android.permission.BROADCAST_WAP_PUSH" >
134-->src/main/AndroidManifest.xml:107:13-71
135            <intent-filter android:priority="999" >
135-->src/main/AndroidManifest.xml:108:13-111:29
135-->src/main/AndroidManifest.xml:108:28-50
136                <action android:name="android.provider.Telephony.WAP_PUSH_RECEIVED" />
136-->src/main/AndroidManifest.xml:109:17-87
136-->src/main/AndroidManifest.xml:109:25-84
137
138                <data android:mimeType="application/vnd.wap.mms-message" />
138-->src/main/AndroidManifest.xml:29:13-42
138-->src/main/AndroidManifest.xml:37:19-64
139            </intent-filter>
140        </receiver>
141
142        <!-- Default SMS App configuration -->
143        <provider
143-->src/main/AndroidManifest.xml:115:9-123:20
144            android:name="com.panchadika.data.source.SmsProvider"
144-->src/main/AndroidManifest.xml:116:13-52
145            android:authorities="com.panchadika.provider"
145-->src/main/AndroidManifest.xml:117:13-58
146            android:exported="true"
146-->src/main/AndroidManifest.xml:118:13-36
147            android:grantUriPermissions="true"
147-->src/main/AndroidManifest.xml:119:13-47
148            android:readPermission="android.permission.READ_SMS"
148-->src/main/AndroidManifest.xml:120:13-65
149            android:writePermission="android.permission.WRITE_SMS" >
149-->src/main/AndroidManifest.xml:121:13-67
150            <grant-uri-permission android:pathPattern=".*" />
150-->src/main/AndroidManifest.xml:122:13-62
150-->src/main/AndroidManifest.xml:122:35-59
151        </provider>
152
153        <activity
153-->[androidx.compose.ui:ui-tooling-android:1.6.8] AndroidManifest.xml:23:9-25:39
154            android:name="androidx.compose.ui.tooling.PreviewActivity"
154-->[androidx.compose.ui:ui-tooling-android:1.6.8] AndroidManifest.xml:24:13-71
155            android:exported="true" />
155-->[androidx.compose.ui:ui-tooling-android:1.6.8] AndroidManifest.xml:25:13-36
156        <activity
156-->[androidx.compose.ui:ui-test-manifest:1.6.8] AndroidManifest.xml:23:9-25:39
157            android:name="androidx.activity.ComponentActivity"
157-->[androidx.compose.ui:ui-test-manifest:1.6.8] AndroidManifest.xml:24:13-63
158            android:exported="true" />
158-->[androidx.compose.ui:ui-test-manifest:1.6.8] AndroidManifest.xml:25:13-36
159
160        <provider
160-->[androidx.emoji2:emoji2:1.3.0] AndroidManifest.xml:24:9-32:20
161            android:name="androidx.startup.InitializationProvider"
161-->[androidx.emoji2:emoji2:1.3.0] AndroidManifest.xml:25:13-67
162            android:authorities="com.panchadika.androidx-startup"
162-->[androidx.emoji2:emoji2:1.3.0] AndroidManifest.xml:26:13-68
163            android:exported="false" >
163-->[androidx.emoji2:emoji2:1.3.0] AndroidManifest.xml:27:13-37
164            <meta-data
164-->[androidx.emoji2:emoji2:1.3.0] AndroidManifest.xml:29:13-31:52
165                android:name="androidx.emoji2.text.EmojiCompatInitializer"
165-->[androidx.emoji2:emoji2:1.3.0] AndroidManifest.xml:30:17-75
166                android:value="androidx.startup" />
166-->[androidx.emoji2:emoji2:1.3.0] AndroidManifest.xml:31:17-49
167            <meta-data
167-->[androidx.lifecycle:lifecycle-process:2.8.4] AndroidManifest.xml:29:13-31:52
168                android:name="androidx.lifecycle.ProcessLifecycleInitializer"
168-->[androidx.lifecycle:lifecycle-process:2.8.4] AndroidManifest.xml:30:17-78
169                android:value="androidx.startup" />
169-->[androidx.lifecycle:lifecycle-process:2.8.4] AndroidManifest.xml:31:17-49
170            <meta-data
170-->[androidx.profileinstaller:profileinstaller:1.3.1] AndroidManifest.xml:29:13-31:52
171                android:name="androidx.profileinstaller.ProfileInstallerInitializer"
171-->[androidx.profileinstaller:profileinstaller:1.3.1] AndroidManifest.xml:30:17-85
172                android:value="androidx.startup" />
172-->[androidx.profileinstaller:profileinstaller:1.3.1] AndroidManifest.xml:31:17-49
173        </provider>
174
175        <receiver
175-->[androidx.profileinstaller:profileinstaller:1.3.1] AndroidManifest.xml:34:9-52:20
176            android:name="androidx.profileinstaller.ProfileInstallReceiver"
176-->[androidx.profileinstaller:profileinstaller:1.3.1] AndroidManifest.xml:35:13-76
177            android:directBootAware="false"
177-->[androidx.profileinstaller:profileinstaller:1.3.1] AndroidManifest.xml:36:13-44
178            android:enabled="true"
178-->[androidx.profileinstaller:profileinstaller:1.3.1] AndroidManifest.xml:37:13-35
179            android:exported="true"
179-->[androidx.profileinstaller:profileinstaller:1.3.1] AndroidManifest.xml:38:13-36
180            android:permission="android.permission.DUMP" >
180-->[androidx.profileinstaller:profileinstaller:1.3.1] AndroidManifest.xml:39:13-57
181            <intent-filter>
181-->[androidx.profileinstaller:profileinstaller:1.3.1] AndroidManifest.xml:40:13-42:29
182                <action android:name="androidx.profileinstaller.action.INSTALL_PROFILE" />
182-->[androidx.profileinstaller:profileinstaller:1.3.1] AndroidManifest.xml:41:17-91
182-->[androidx.profileinstaller:profileinstaller:1.3.1] AndroidManifest.xml:41:25-88
183            </intent-filter>
184            <intent-filter>
184-->[androidx.profileinstaller:profileinstaller:1.3.1] AndroidManifest.xml:43:13-45:29
185                <action android:name="androidx.profileinstaller.action.SKIP_FILE" />
185-->[androidx.profileinstaller:profileinstaller:1.3.1] AndroidManifest.xml:44:17-85
185-->[androidx.profileinstaller:profileinstaller:1.3.1] AndroidManifest.xml:44:25-82
186            </intent-filter>
187            <intent-filter>
187-->[androidx.profileinstaller:profileinstaller:1.3.1] AndroidManifest.xml:46:13-48:29
188                <action android:name="androidx.profileinstaller.action.SAVE_PROFILE" />
188-->[androidx.profileinstaller:profileinstaller:1.3.1] AndroidManifest.xml:47:17-88
188-->[androidx.profileinstaller:profileinstaller:1.3.1] AndroidManifest.xml:47:25-85
189            </intent-filter>
190            <intent-filter>
190-->[androidx.profileinstaller:profileinstaller:1.3.1] AndroidManifest.xml:49:13-51:29
191                <action android:name="androidx.profileinstaller.action.BENCHMARK_OPERATION" />
191-->[androidx.profileinstaller:profileinstaller:1.3.1] AndroidManifest.xml:50:17-95
191-->[androidx.profileinstaller:profileinstaller:1.3.1] AndroidManifest.xml:50:25-92
192            </intent-filter>
193        </receiver>
194    </application>
195
196</manifest>